<?xml version="1.0" encoding="UTF-8"?>
<!-- Generated by org.testng.reporters.JUnitReportReporter -->
<testsuite skipped="0" hostname="P3CLAP-50230XL" name="com.learn.selenium.Testng" tests="1" failures="0" timestamp="30 Aug 2017 09:21:57 GMT" time="16.153" errors="0">
  <testcase name="f" time="16.153" classname="com.learn.selenium.Testng"/>
</testsuite> <!-- com.learn.selenium.Testng -->
