<?xml version="1.0" encoding="UTF-8"?>
<!-- Generated by org.testng.reporters.JUnitReportReporter -->
<testsuite skipped="0" hostname="P3CLAP-50230XL" name="com.learn.selenium_first.Testng" tests="1" failures="0" timestamp="30 Aug 2017 09:15:07 GMT" time="13.047" errors="0">
  <testcase name="f" time="13.047" classname="com.learn.selenium_first.Testng"/>
</testsuite> <!-- com.learn.selenium_first.Testng -->
